<?xml version="1.0" encoding="UTF-8"?>
<!-- Generated by org.testng.reporters.JUnitReportReporter -->
<testsuite name="MiPrimerTest" tests="1" time="14.039" ignored="0" failures="0" timestamp="10 may 2017 21:01:04 GMT" skipped="0" hostname="PQVIPF0AEWNY" errors="0">
  <testcase name="verificar" time="14.039" classname="MiPrimerTest"/>
</testsuite> <!-- MiPrimerTest -->
